<?xml version="1.0" encoding="UTF-8"?>
<testng-results ignored="0" total="1" passed="1" failed="0" skipped="0">
  <reporter-output>
  </reporter-output>
  <suite started-at="2024-07-31T13:40:25Z" name="Suite" finished-at="2024-07-31T13:40:28Z" duration-ms="3042">
    <groups>
    </groups>
    <test started-at="2024-07-31T13:40:25Z" name="Test" finished-at="2024-07-31T13:40:28Z" duration-ms="3042">
      <class name="com.prd.run.DailyOrdersMonitoring">
        <test-method signature="CheckStoreStatus()[pri:0, instance:com.prd.run.DailyOrdersMonitoring@2805d709]" started-at="2024-07-31T13:40:25Z" name="CheckStoreStatus" finished-at="2024-07-31T13:40:28Z" duration-ms="3017" status="PASS">
          <reporter-output>
          </reporter-output>
        </test-method> <!-- CheckStoreStatus -->
      </class> <!-- com.prd.run.DailyOrdersMonitoring -->
    </test> <!-- Test -->
  </suite> <!-- Suite -->
</testng-results>
